TN:
SF:utils/pedidos.js
FN:3,(anonymous_0)
FN:12,(anonymous_1)
FN:31,(anonymous_2)
FN:36,(anonymous_3)
FN:42,(anonymous_4)
FN:48,(anonymous_5)
FN:56,(anonymous_6)
FNF:7
FNH:5
FNDA:1,(anonymous_0)
FNDA:3,(anonymous_1)
FNDA:1,(anonymous_2)
FNDA:1,(anonymous_3)
FNDA:1,(anonymous_4)
FNDA:0,(anonymous_5)
FNDA:0,(anonymous_6)
DA:5,1
DA:6,1
DA:7,1
DA:8,1
DA:9,1
DA:14,3
DA:17,1
DA:18,1
DA:21,1
DA:22,1
DA:25,1
DA:26,1
DA:33,1
DA:38,1
DA:44,1
DA:50,0
DA:58,0
DA:59,0
DA:64,1
DA:141,1
DA:160,1
DA:161,1
DA:162,1
DA:163,1
LF:24
LH:21
BRDA:14,0,0,1
BRDA:14,0,1,1
BRDA:14,0,2,1
BRF:3
BRH:3
end_of_record
